  Building 'Inject' with toolset 'WindowsKernelModeDriver10.0' and the 'Desktop' target platform.
  Inject.c
F:\hdxf\Inject\Inject_01\Inject\inject\Inject.c(24,1): warning C4047: “初始化”:“ULONG64”与“void *”的间接级别不同
F:\hdxf\Inject\Inject_01\Inject\inject\Inject.c(79,87): warning C4022: “threadFunc”: 指针与实参 6 不匹配
F:\hdxf\Inject\Inject_01\Inject\inject\Inject.c(52,10): warning C4189: “ReginSize”: 局部变量已初始化但不引用
F:\hdxf\Inject\Inject_01\Inject\inject\Inject.c(115,14): warning C4047: “return”:“NTSTATUS”与“void *”的间接级别不同
F:\hdxf\Inject\Inject_01\Inject\inject\Inject.c(175,60): warning C4047: “函数”:“ULONG64”与“PUCHAR”的间接级别不同
F:\hdxf\Inject\Inject_01\Inject\inject\Inject.c(175,52): warning C4024: “CreateRemoteThreadByProcess”: 形参和实参 3 的类型不同
F:\hdxf\Inject\Inject_01\Inject\inject\Inject.c(209,56): warning C4100: “shellcodeSize”: 未引用的形参
F:\hdxf\Inject\Inject_01\Inject\inject\Inject.c(209,38): warning C4100: “shellcode”: 未引用的形参
F:\hdxf\Inject\Inject_01\Inject\inject\Inject.c(209,27): warning C4100: “pid”: 未引用的形参
  MainDriver.c
F:\hdxf\Inject\Inject_01\Inject\MainDriver.c(5,34): warning C4100: “pDriver”: 未引用的形参
F:\hdxf\Inject\Inject_01\Inject\MainDriver.c(21,12): warning C4022: “InjectX64”: 指针与实参 1 不匹配
F:\hdxf\Inject\Inject_01\Inject\MainDriver.c(21,25): warning C4057: “函数”:“char *”与“unsigned char *”在稍微不同的基类型间接寻址上不同
F:\hdxf\Inject\Inject_01\Inject\MainDriver.c(10,62): warning C4100: “pReg”: 未引用的形参
  Memory.c
F:\hdxf\Inject\Inject_01\Inject\Memory.c(7,19): warning C4214: 使用了非标准扩展: 整形以外的位域类型
F:\hdxf\Inject\Inject_01\Inject\Memory.c(8,19): warning C4214: 使用了非标准扩展: 整形以外的位域类型
F:\hdxf\Inject\Inject_01\Inject\Memory.c(9,19): warning C4214: 使用了非标准扩展: 整形以外的位域类型
F:\hdxf\Inject\Inject_01\Inject\Memory.c(10,27): warning C4214: 使用了非标准扩展: 整形以外的位域类型
F:\hdxf\Inject\Inject_01\Inject\Memory.c(11,27): warning C4214: 使用了非标准扩展: 整形以外的位域类型
F:\hdxf\Inject\Inject_01\Inject\Memory.c(12,22): warning C4214: 使用了非标准扩展: 整形以外的位域类型
F:\hdxf\Inject\Inject_01\Inject\Memory.c(13,19): warning C4214: 使用了非标准扩展: 整形以外的位域类型
F:\hdxf\Inject\Inject_01\Inject\Memory.c(14,24): warning C4214: 使用了非标准扩展: 整形以外的位域类型
F:\hdxf\Inject\Inject_01\Inject\Memory.c(15,20): warning C4214: 使用了非标准扩展: 整形以外的位域类型
F:\hdxf\Inject\Inject_01\Inject\Memory.c(16,27): warning C4214: 使用了非标准扩展: 整形以外的位域类型
F:\hdxf\Inject\Inject_01\Inject\Memory.c(17,23): warning C4214: 使用了非标准扩展: 整形以外的位域类型
F:\hdxf\Inject\Inject_01\Inject\Memory.c(18,23): warning C4214: 使用了非标准扩展: 整形以外的位域类型
F:\hdxf\Inject\Inject_01\Inject\Memory.c(19,32): warning C4214: 使用了非标准扩展: 整形以外的位域类型
F:\hdxf\Inject\Inject_01\Inject\Memory.c(20,23): warning C4214: 使用了非标准扩展: 整形以外的位域类型
F:\hdxf\Inject\Inject_01\Inject\Memory.c(21,32): warning C4214: 使用了非标准扩展: 整形以外的位域类型
F:\hdxf\Inject\Inject_01\Inject\Memory.c(22,24): warning C4214: 使用了非标准扩展: 整形以外的位域类型
F:\hdxf\Inject\Inject_01\Inject\Memory.c(31,24): warning C4133: “函数”: 从“RTL_OSVERSIONINFOEXW *”到“PRTL_OSVERSIONINFOW”的类型不兼容
F:\hdxf\Inject\Inject_01\Inject\Memory.c(104,1): warning C4047: “初始化”:“PHardwarePte”与“ULONG64”的间接级别不同
F:\hdxf\Inject\Inject_01\Inject\Memory.c(113,1): warning C4047: “初始化”:“PHardwarePte”与“ULONG64”的间接级别不同
F:\hdxf\Inject\Inject_01\Inject\Memory.c(158,29): warning C4047: “函数”:“ULONG64”与“PVOID”的间接级别不同
F:\hdxf\Inject\Inject_01\Inject\Memory.c(158,18): warning C4024: “SetExecutePage”: 形参和实参 1 的类型不同
F:\hdxf\Inject\Inject_01\Inject\Memory.c(158,35): warning C4242: “函数”: 从“SIZE_T”转换到“ULONG”，可能丢失数据
  正在生成代码...
  Inject.vcxproj -> F:\hdxf\Inject\Inject_01\x64\Release\Inject.sys
  Inf2Cat task was skipped as there were no inf files to process
  
